<?xml version="1.0" encoding="UTF-8"?>
<testng-results skipped="1" failed="0" total="1" passed="0">
  <reporter-output>
  </reporter-output>
  <suite name="Default suite" duration-ms="49450" started-at="2016-12-04T06:47:15Z" finished-at="2016-12-04T06:48:04Z">
    <groups>
    </groups>
    <test name="Default test" duration-ms="49450" started-at="2016-12-04T06:47:15Z" finished-at="2016-12-04T06:48:04Z">
      <class name="qtdemos.Login">
        <test-method status="FAIL" signature="setUp()[pri:0, instance:qtdemos.Login@5f14568]" name="setUp" is-config="true" duration-ms="0" started-at="2016-12-04T12:17:15Z" finished-at="2016-12-04T12:17:15Z">
          <exception class="org.openqa.selenium.WebDriverException">
            <message>
              <![CDATA[Failed to connect to binary FirefoxBinary(C:\Program Files (x86)\Mozilla Firefox\firefox.exe) on port 7055; process output follows: 
amed-provider>
1480834042553	addons.manager	DEBUG	Registering shutdown blocker for <unnamed-provider>
1480834042553	addons.manager	DEBUG	Provider finished startup: <unnamed-provider>
1480834042619	DeferredSave.extensions.json	DEBUG	Starting write
LdrLoadDll: Blocking load of 'activedetect32.dll' -- see http://www.mozilla.com/en-US/blocklist/
LdrLoadDll: Blocking load of 'activedetect32.dll' -- see http://www.mozilla.com/en-US/blocklist/
LdrLoadDll: Blocking load of 'activedetect32.dll' -- see http://www.mozilla.com/en-US/blocklist/
1480834042895	addons.repository	DEBUG	No addons.json found.
1480834042899	DeferredSave.addons.json	DEBUG	Save changes
1480834042905	DeferredSave.addons.json	DEBUG	Starting timer
1480834042996	addons.manager	DEBUG	Starting provider: PreviousExperimentProvider
1480834042996	addons.manager	DEBUG	Registering shutdown blocker for PreviousExperimentProvider
1480834042997	addons.manager	DEBUG	Provider finished startup: PreviousExperimentProvider
1480834043017	DeferredSave.addons.json	DEBUG	Starting write
1480834043023	DeferredSave.extensions.json	DEBUG	Write succeeded
LdrLoadDll: Blocking load of 'activedetect32.dll' -- see http://www.mozilla.com/en-US/blocklist/
1480834043204	DeferredSave.addons.json	DEBUG	Write succeeded
LdrLoadDll: Blocking load of 'activedetect32.dll' -- see http://www.mozilla.com/en-US/blocklist/
LdrLoadDll: Blocking load of 'activedetect32.dll' -- see http://www.mozilla.com/en-US/blocklist/
LdrLoadDll: Blocking load of 'activedetect32.dll' -- see http://www.mozilla.com/en-US/blocklist/
LdrLoadDll: Blocking load of 'activedetect32.dll' -- see http://www.mozilla.com/en-US/blocklist/
LdrLoadDll: Blocking load of 'activedetect32.dll' -- see http://www.mozilla.com/en-US/blocklist/
LdrLoadDll: Blocking load of 'activedetect32.dll' -- see http://www.mozilla.com/en-US/blocklist/
LdrLoadDll: Blocking load of 'activedetect32.dll' -- see http://www.mozilla.com/en-US/blocklist/
LdrLoadDll: Blocking load of 'activedetect32.dll' -- see http://www.mozilla.com/en-US/blocklist/
LdrLoadDll: Blocking load of 'activedetect32.dll' -- see http://www.mozilla.com/en-US/blocklist/
LdrLoadDll: Blocking load of 'activedetect32.dll' -- see http://www.mozilla.com/en-US/blocklist/
LdrLoadDll: Blocking load of 'activedetect32.dll' -- see http://www.mozilla.com/en-US/blocklist/
1480834061845	addons.xpi	DEBUG	Calling bootstrap method shutdown on aushelper@mozilla.org version 1.0
1480834061846	addons.xpi	DEBUG	Calling bootstrap method shutdown on e10srollout@mozilla.org version 1.5
1480834061848	addons.xpi	DEBUG	Calling bootstrap method shutdown on firefox@getpocket.com version 1.0.5
1480834061850	addons.xpi	DEBUG	Calling bootstrap method shutdown on webcompat@mozilla.org version 1.0
LdrLoadDll: Blocking load of 'activedetect32.dll' -- see http://www.mozilla.com/en-US/blocklist/
LdrLoadDll: Blocking load of 'activedetect32.dll' -- see http://www.mozilla.com/en-US/blocklist/
[Child 4632] WARNING: pipe error: 109: file c:/builds/moz2_slave/m-rel-w32-00000000000000000000/build/src/ipc/chromium/src/chrome/common/ipc_channel_win.cc, line 346
LdrLoadDll: Blocking load of 'activedetect32.dll' -- see http://www.mozilla.com/en-US/blocklist/
1480834062166	addons.manager	DEBUG	shutdown
1480834062167	addons.manager	DEBUG	Calling shutdown blocker for XPIProvider
1480834062167	addons.xpi	DEBUG	shutdown
1480834062168	addons.xpi-utils	DEBUG	shutdown
1480834062169	addons.manager	DEBUG	Calling shutdown blocker for LightweightThemeManager
1480834062170	addons.manager	DEBUG	Calling shutdown blocker for GMPProvider
1480834062176	addons.manager	DEBUG	Calling shutdown blocker for PluginProvider
1480834062177	addons.manager	DEBUG	Calling shutdown blocker for <unnamed-provider>
1480834062181	addons.manager	DEBUG	Calling shutdown blocker for PreviousExperimentProvider
1480834062188	addons.xpi	DEBUG	Notifying XPI shutdown observers
1480834062198	addons.manager	DEBUG	Async provider shutdown done
LdrLoadDll: Blocking load of 'activedetect32.dll' -- see http://www.mozilla.com/en-US/blocklist/

Build info: version: 'unknown', revision: 'unknown', time: 'unknown'
System info: host: 'BIJILI-PC', ip: '192.168.0.102', os.name: 'Windows 7', os.arch: 'amd64', os.version: '6.1', java.version: '1.7.0_79'
Driver info: driver.version: FirefoxDriver]]>
            </message>
            <full-stacktrace>
              <![CDATA[org.openqa.selenium.WebDriverException: Failed to connect to binary FirefoxBinary(C:\Program Files (x86)\Mozilla Firefox\firefox.exe) on port 7055; process output follows: 
amed-provider>
1480834042553	addons.manager	DEBUG	Registering shutdown blocker for <unnamed-provider>
1480834042553	addons.manager	DEBUG	Provider finished startup: <unnamed-provider>
1480834042619	DeferredSave.extensions.json	DEBUG	Starting write
LdrLoadDll: Blocking load of 'activedetect32.dll' -- see http://www.mozilla.com/en-US/blocklist/
LdrLoadDll: Blocking load of 'activedetect32.dll' -- see http://www.mozilla.com/en-US/blocklist/
LdrLoadDll: Blocking load of 'activedetect32.dll' -- see http://www.mozilla.com/en-US/blocklist/
1480834042895	addons.repository	DEBUG	No addons.json found.
1480834042899	DeferredSave.addons.json	DEBUG	Save changes
1480834042905	DeferredSave.addons.json	DEBUG	Starting timer
1480834042996	addons.manager	DEBUG	Starting provider: PreviousExperimentProvider
1480834042996	addons.manager	DEBUG	Registering shutdown blocker for PreviousExperimentProvider
1480834042997	addons.manager	DEBUG	Provider finished startup: PreviousExperimentProvider
1480834043017	DeferredSave.addons.json	DEBUG	Starting write
1480834043023	DeferredSave.extensions.json	DEBUG	Write succeeded
LdrLoadDll: Blocking load of 'activedetect32.dll' -- see http://www.mozilla.com/en-US/blocklist/
1480834043204	DeferredSave.addons.json	DEBUG	Write succeeded
LdrLoadDll: Blocking load of 'activedetect32.dll' -- see http://www.mozilla.com/en-US/blocklist/
LdrLoadDll: Blocking load of 'activedetect32.dll' -- see http://www.mozilla.com/en-US/blocklist/
LdrLoadDll: Blocking load of 'activedetect32.dll' -- see http://www.mozilla.com/en-US/blocklist/
LdrLoadDll: Blocking load of 'activedetect32.dll' -- see http://www.mozilla.com/en-US/blocklist/
LdrLoadDll: Blocking load of 'activedetect32.dll' -- see http://www.mozilla.com/en-US/blocklist/
LdrLoadDll: Blocking load of 'activedetect32.dll' -- see http://www.mozilla.com/en-US/blocklist/
LdrLoadDll: Blocking load of 'activedetect32.dll' -- see http://www.mozilla.com/en-US/blocklist/
LdrLoadDll: Blocking load of 'activedetect32.dll' -- see http://www.mozilla.com/en-US/blocklist/
LdrLoadDll: Blocking load of 'activedetect32.dll' -- see http://www.mozilla.com/en-US/blocklist/
LdrLoadDll: Blocking load of 'activedetect32.dll' -- see http://www.mozilla.com/en-US/blocklist/
LdrLoadDll: Blocking load of 'activedetect32.dll' -- see http://www.mozilla.com/en-US/blocklist/
1480834061845	addons.xpi	DEBUG	Calling bootstrap method shutdown on aushelper@mozilla.org version 1.0
1480834061846	addons.xpi	DEBUG	Calling bootstrap method shutdown on e10srollout@mozilla.org version 1.5
1480834061848	addons.xpi	DEBUG	Calling bootstrap method shutdown on firefox@getpocket.com version 1.0.5
1480834061850	addons.xpi	DEBUG	Calling bootstrap method shutdown on webcompat@mozilla.org version 1.0
LdrLoadDll: Blocking load of 'activedetect32.dll' -- see http://www.mozilla.com/en-US/blocklist/
LdrLoadDll: Blocking load of 'activedetect32.dll' -- see http://www.mozilla.com/en-US/blocklist/
[Child 4632] WARNING: pipe error: 109: file c:/builds/moz2_slave/m-rel-w32-00000000000000000000/build/src/ipc/chromium/src/chrome/common/ipc_channel_win.cc, line 346
LdrLoadDll: Blocking load of 'activedetect32.dll' -- see http://www.mozilla.com/en-US/blocklist/
1480834062166	addons.manager	DEBUG	shutdown
1480834062167	addons.manager	DEBUG	Calling shutdown blocker for XPIProvider
1480834062167	addons.xpi	DEBUG	shutdown
1480834062168	addons.xpi-utils	DEBUG	shutdown
1480834062169	addons.manager	DEBUG	Calling shutdown blocker for LightweightThemeManager
1480834062170	addons.manager	DEBUG	Calling shutdown blocker for GMPProvider
1480834062176	addons.manager	DEBUG	Calling shutdown blocker for PluginProvider
1480834062177	addons.manager	DEBUG	Calling shutdown blocker for <unnamed-provider>
1480834062181	addons.manager	DEBUG	Calling shutdown blocker for PreviousExperimentProvider
1480834062188	addons.xpi	DEBUG	Notifying XPI shutdown observers
1480834062198	addons.manager	DEBUG	Async provider shutdown done
LdrLoadDll: Blocking load of 'activedetect32.dll' -- see http://www.mozilla.com/en-US/blocklist/

Build info: version: 'unknown', revision: 'unknown', time: 'unknown'
System info: host: 'BIJILI-PC', ip: '192.168.0.102', os.name: 'Windows 7', os.arch: 'amd64', os.version: '6.1', java.version: '1.7.0_79'
Driver info: driver.version: FirefoxDriver
	at org.openqa.selenium.firefox.internal.NewProfileExtensionConnection.start(NewProfileExtensionConnection.java:124)
	at org.openqa.selenium.firefox.FirefoxDriver.startClient(FirefoxDriver.java:271)
	at org.openqa.selenium.remote.RemoteWebDriver.<init>(RemoteWebDriver.java:114)
	at org.openqa.selenium.firefox.FirefoxDriver.<init>(FirefoxDriver.java:218)
	at org.openqa.selenium.firefox.FirefoxDriver.<init>(FirefoxDriver.java:211)
	at org.openqa.selenium.firefox.FirefoxDriver.<init>(FirefoxDriver.java:207)
	at org.openqa.selenium.firefox.FirefoxDriver.<init>(FirefoxDriver.java:120)
	at qtdemos.Login.setUp(Login.java:77)
	at sun.reflect.NativeMethodAccessorImpl.invoke0(Native Method)
	at sun.reflect.NativeMethodAccessorImpl.invoke(Unknown Source)
	at sun.reflect.DelegatingMethodAccessorImpl.invoke(Unknown Source)
	at java.lang.reflect.Method.invoke(Unknown Source)
	at org.testng.internal.MethodInvocationHelper.invokeMethod(MethodInvocationHelper.java:85)
	at org.testng.internal.Invoker.invokeConfigurationMethod(Invoker.java:552)
	at org.testng.internal.Invoker.invokeConfigurations(Invoker.java:215)
	at org.testng.internal.Invoker.invokeMethod(Invoker.java:636)
	at org.testng.internal.Invoker.invokeTestMethod(Invoker.java:882)
	at org.testng.internal.Invoker.invokeTestMethods(Invoker.java:1189)
	at org.testng.internal.TestMethodWorker.invokeTestMethods(TestMethodWorker.java:124)
	at org.testng.internal.TestMethodWorker.run(TestMethodWorker.java:108)
	at org.testng.TestRunner.privateRun(TestRunner.java:767)
	at org.testng.TestRunner.run(TestRunner.java:617)
	at org.testng.SuiteRunner.runTest(SuiteRunner.java:348)
	at org.testng.SuiteRunner.runSequentially(SuiteRunner.java:343)
	at org.testng.SuiteRunner.privateRun(SuiteRunner.java:305)
	at org.testng.SuiteRunner.run(SuiteRunner.java:254)
	at org.testng.SuiteRunnerWorker.runSuite(SuiteRunnerWorker.java:52)
	at org.testng.SuiteRunnerWorker.run(SuiteRunnerWorker.java:86)
	at org.testng.TestNG.runSuitesSequentially(TestNG.java:1224)
	at org.testng.TestNG.runSuitesLocally(TestNG.java:1149)
	at org.testng.TestNG.run(TestNG.java:1057)
	at org.testng.remote.AbstractRemoteTestNG.run(AbstractRemoteTestNG.java:132)
	at org.testng.remote.RemoteTestNG.initAndRun(RemoteTestNG.java:236)
	at org.testng.remote.RemoteTestNG.main(RemoteTestNG.java:81)
Caused by: org.openqa.selenium.firefox.NotConnectedException: Unable to connect to host 127.0.0.1 on port 7055 after 45000 ms. Firefox console output:
amed-provider>
1480834042553	addons.manager	DEBUG	Registering shutdown blocker for <unnamed-provider>
1480834042553	addons.manager	DEBUG	Provider finished startup: <unnamed-provider>
1480834042619	DeferredSave.extensions.json	DEBUG	Starting write
LdrLoadDll: Blocking load of 'activedetect32.dll' -- see http://www.mozilla.com/en-US/blocklist/
LdrLoadDll: Blocking load of 'activedetect32.dll' -- see http://www.mozilla.com/en-US/blocklist/
LdrLoadDll: Blocking load of 'activedetect32.dll' -- see http://www.mozilla.com/en-US/blocklist/
1480834042895	addons.repository	DEBUG	No addons.json found.
1480834042899	DeferredSave.addons.json	DEBUG	Save changes
1480834042905	DeferredSave.addons.json	DEBUG	Starting timer
1480834042996	addons.manager	DEBUG	Starting provider: PreviousExperimentProvider
1480834042996	addons.manager	DEBUG	Registering shutdown blocker for PreviousExperimentProvider
1480834042997	addons.manager	DEBUG	Provider finished startup: PreviousExperimentProvider
1480834043017	DeferredSave.addons.json	DEBUG	Starting write
1480834043023	DeferredSave.extensions.json	DEBUG	Write succeeded
LdrLoadDll: Blocking load of 'activedetect32.dll' -- see http://www.mozilla.com/en-US/blocklist/
1480834043204	DeferredSave.addons.json	DEBUG	Write succeeded
LdrLoadDll: Blocking load of 'activedetect32.dll' -- see http://www.mozilla.com/en-US/blocklist/
LdrLoadDll: Blocking load of 'activedetect32.dll' -- see http://www.mozilla.com/en-US/blocklist/
LdrLoadDll: Blocking load of 'activedetect32.dll' -- see http://www.mozilla.com/en-US/blocklist/
LdrLoadDll: Blocking load of 'activedetect32.dll' -- see http://www.mozilla.com/en-US/blocklist/
LdrLoadDll: Blocking load of 'activedetect32.dll' -- see http://www.mozilla.com/en-US/blocklist/
LdrLoadDll: Blocking load of 'activedetect32.dll' -- see http://www.mozilla.com/en-US/blocklist/
LdrLoadDll: Blocking load of 'activedetect32.dll' -- see http://www.mozilla.com/en-US/blocklist/
LdrLoadDll: Blocking load of 'activedetect32.dll' -- see http://www.mozilla.com/en-US/blocklist/
LdrLoadDll: Blocking load of 'activedetect32.dll' -- see http://www.mozilla.com/en-US/blocklist/
LdrLoadDll: Blocking load of 'activedetect32.dll' -- see http://www.mozilla.com/en-US/blocklist/
LdrLoadDll: Blocking load of 'activedetect32.dll' -- see http://www.mozilla.com/en-US/blocklist/
1480834061845	addons.xpi	DEBUG	Calling bootstrap method shutdown on aushelper@mozilla.org version 1.0
1480834061846	addons.xpi	DEBUG	Calling bootstrap method shutdown on e10srollout@mozilla.org version 1.5
1480834061848	addons.xpi	DEBUG	Calling bootstrap method shutdown on firefox@getpocket.com version 1.0.5
1480834061850	addons.xpi	DEBUG	Calling bootstrap method shutdown on webcompat@mozilla.org version 1.0
LdrLoadDll: Blocking load of 'activedetect32.dll' -- see http://www.mozilla.com/en-US/blocklist/
LdrLoadDll: Blocking load of 'activedetect32.dll' -- see http://www.mozilla.com/en-US/blocklist/
[Child 4632] WARNING: pipe error: 109: file c:/builds/moz2_slave/m-rel-w32-00000000000000000000/build/src/ipc/chromium/src/chrome/common/ipc_channel_win.cc, line 346
LdrLoadDll: Blocking load of 'activedetect32.dll' -- see http://www.mozilla.com/en-US/blocklist/
1480834062166	addons.manager	DEBUG	shutdown
1480834062167	addons.manager	DEBUG	Calling shutdown blocker for XPIProvider
1480834062167	addons.xpi	DEBUG	shutdown
1480834062168	addons.xpi-utils	DEBUG	shutdown
1480834062169	addons.manager	DEBUG	Calling shutdown blocker for LightweightThemeManager
1480834062170	addons.manager	DEBUG	Calling shutdown blocker for GMPProvider
1480834062176	addons.manager	DEBUG	Calling shutdown blocker for PluginProvider
1480834062177	addons.manager	DEBUG	Calling shutdown blocker for <unnamed-provider>
1480834062181	addons.manager	DEBUG	Calling shutdown blocker for PreviousExperimentProvider
1480834062188	addons.xpi	DEBUG	Notifying XPI shutdown observers
1480834062198	addons.manager	DEBUG	Async provider shutdown done
LdrLoadDll: Blocking load of 'activedetect32.dll' -- see http://www.mozilla.com/en-US/blocklist/

	at org.openqa.selenium.firefox.internal.NewProfileExtensionConnection.start(NewProfileExtensionConnection.java:112)
	... 33 more
]]>
            </full-stacktrace>
          </exception> <!-- org.openqa.selenium.WebDriverException -->
          <reporter-output>
          </reporter-output>
        </test-method> <!-- setUp -->
        <test-method status="SKIP" signature="login()[pri:0, instance:qtdemos.Login@5f14568]" name="login" duration-ms="0" started-at="2016-12-04T12:18:04Z" finished-at="2016-12-04T12:18:04Z">
          <reporter-output>
          </reporter-output>
        </test-method> <!-- login -->
        <test-method status="SKIP" signature="tearDown()[pri:0, instance:qtdemos.Login@5f14568]" name="tearDown" is-config="true" duration-ms="0" started-at="2016-12-04T12:18:04Z" finished-at="2016-12-04T12:18:04Z">
          <reporter-output>
          </reporter-output>
        </test-method> <!-- tearDown -->
      </class> <!-- qtdemos.Login -->
    </test> <!-- Default test -->
  </suite> <!-- Default suite -->
</testng-results>
