<?xml version="1.0" encoding="UTF-8"?>
<!-- Generated by org.testng.reporters.JUnitXMLReporter -->
<testsuite hostname="DESKTOP-J4LHG4U" name="Test" tests="1" failures="1" timestamp="5 Dec 2017 17:56:28 GMT" time="22.619" errors="0">
  <testcase name="tes" time="0.263" classname="selenium.Links">
    <failure type="org.openqa.selenium.WebDriverException" message="Target URL http:\www.seleniumhq.org is not well-formed.
Command duration or timeout: 16 milliseconds
Build info: version: &amp;apos;2.52.0&amp;apos;, revision: &amp;apos;4c2593c&amp;apos;, time: &amp;apos;2016-02-11 19:03:33&amp;apos;
System info: host: &amp;apos;DESKTOP-J4LHG4U&amp;apos;, ip: &amp;apos;192.168.1.6&amp;apos;, os.name: &amp;apos;Windows 8.1&amp;apos;, os.arch: &amp;apos;amd64&amp;apos;, os.version: &amp;apos;6.3&amp;apos;, java.version: &amp;apos;1.7.0_79&amp;apos;
Session ID: 29a5fa81-7ff6-4052-b747-0ceb3746a7f8
Driver info: org.openqa.selenium.firefox.FirefoxDriver
Capabilities [{platform=WINDOWS, acceptSslCerts=true, javascriptEnabled=true, cssSelectorsEnabled=true, databaseEnabled=true, browserName=firefox, handlesAlerts=true, nativeEvents=false, webStorageEnabled=true, rotatable=false, locationContextEnabled=true, applicationCacheEnabled=true, takesScreenshot=true, version=43.0.1}]">
      <![CDATA[org.openqa.selenium.WebDriverException: Target URL http:\www.seleniumhq.org is not well-formed.
Command duration or timeout: 16 milliseconds
Build info: version: '2.52.0', revision: '4c2593c', time: '2016-02-11 19:03:33'
System info: host: 'DESKTOP-J4LHG4U', ip: '192.168.1.6', os.name: 'Windows 8.1', os.arch: 'amd64', os.version: '6.3', java.version: '1.7.0_79'
Session ID: 29a5fa81-7ff6-4052-b747-0ceb3746a7f8
Driver info: org.openqa.selenium.firefox.FirefoxDriver
Capabilities [{platform=WINDOWS, acceptSslCerts=true, javascriptEnabled=true, cssSelectorsEnabled=true, databaseEnabled=true, browserName=firefox, handlesAlerts=true, nativeEvents=false, webStorageEnabled=true, rotatable=false, locationContextEnabled=true, applicationCacheEnabled=true, takesScreenshot=true, version=43.0.1}]
	at org.openqa.selenium.remote.ErrorHandler.createThrowable(ErrorHandler.java:206)
	at org.openqa.selenium.remote.ErrorHandler.throwIfResponseFailed(ErrorHandler.java:158)
	at org.openqa.selenium.remote.RemoteWebDriver.execute(RemoteWebDriver.java:678)
	at org.openqa.selenium.remote.RemoteWebDriver.get(RemoteWebDriver.java:316)
	at selenium.Links.tes(Links.java:29)
Caused by: org.openqa.selenium.WebDriverException: Target URL http:\www.seleniumhq.org is not well-formed.
Build info: version: '2.52.0', revision: '4c2593c', time: '2016-02-11 19:03:33'
System info: host: 'DESKTOP-J4LHG4U', ip: '192.168.1.6', os.name: 'Windows 8.1', os.arch: 'amd64', os.version: '6.3', java.version: '1.7.0_79'
Driver info: driver.version: unknown
	at <anonymous class>.FirefoxDriver.prototype.get(file:///C:/Users/Mahesh/AppData/Local/Temp/anonymous1830640571443075554webdriver-profile/extensions/fxdriver@googlecode.com/components/driver-component.js:10589)
	at <anonymous class>.DelayedCommand.prototype.executeInternal_/h(file:///C:/Users/Mahesh/AppData/Local/Temp/anonymous1830640571443075554webdriver-profile/extensions/fxdriver@googlecode.com/components/command-processor.js:12614)
	at <anonymous class>.DelayedCommand.prototype.executeInternal_(file:///C:/Users/Mahesh/AppData/Local/Temp/anonymous1830640571443075554webdriver-profile/extensions/fxdriver@googlecode.com/components/command-processor.js:12619)
	at <anonymous class>.DelayedCommand.prototype.execute/<(file:///C:/Users/Mahesh/AppData/Local/Temp/anonymous1830640571443075554webdriver-profile/extensions/fxdriver@googlecode.com/components/command-processor.js:12561)
... Removed 27 stack frames]]>
    </failure>
  </testcase> <!-- tes -->
</testsuite> <!-- Test -->
