<?xml version="1.0" encoding="UTF-8"?>
<!-- Generated by org.testng.reporters.JUnitXMLReporter -->
<testsuite hostname="DESKTOP-J4LHG4U" name="Test" tests="2" failures="0" timestamp="4 Apr 2018 19:10:43 GMT" time="0.089" errors="0">
  <testcase name="@BeforeMethod set" time="0.0" classname="projects.firtclass">
    <failure type="java.lang.NoClassDefFoundError" message="org/openqa/selenium/remote/internal/CircularOutputStream">
      <![CDATA[java.lang.NoClassDefFoundError: org/openqa/selenium/remote/internal/CircularOutputStream
	at org.openqa.selenium.firefox.FirefoxBinary.<init>(FirefoxBinary.java:60)
	at org.openqa.selenium.firefox.FirefoxBinary.<init>(FirefoxBinary.java:56)
	at org.openqa.selenium.firefox.FirefoxDriver.<init>(FirefoxDriver.java:120)
	at projects.firtclass.set(firtclass.java:28)
	at java.util.concurrent.ThreadPoolExecutor.runWorker(ThreadPoolExecutor.java:1149)
	at java.util.concurrent.ThreadPoolExecutor$Worker.run(ThreadPoolExecutor.java:624)
	at java.lang.Thread.run(Thread.java:748)
Caused by: java.lang.ClassNotFoundException: org.openqa.selenium.remote.internal.CircularOutputStream
	at java.net.URLClassLoader.findClass(URLClassLoader.java:381)
	at java.lang.ClassLoader.loadClass(ClassLoader.java:424)
	at sun.misc.Launcher$AppClassLoader.loadClass(Launcher.java:335)
	at java.lang.ClassLoader.loadClass(ClassLoader.java:357)
	... 19 more
... Removed 12 stack frames]]>
    </failure>
  </testcase> <!-- @BeforeMethod set -->
  <testcase name="@BeforeMethod mh" time="0.0" classname="projects.secondclass">
    <failure type="java.lang.NoClassDefFoundError" message="org/openqa/selenium/remote/internal/CircularOutputStream">
      <![CDATA[java.lang.NoClassDefFoundError: org/openqa/selenium/remote/internal/CircularOutputStream
	at org.openqa.selenium.firefox.FirefoxBinary.<init>(FirefoxBinary.java:60)
	at org.openqa.selenium.firefox.FirefoxBinary.<init>(FirefoxBinary.java:56)
	at org.openqa.selenium.firefox.FirefoxDriver.<init>(FirefoxDriver.java:120)
	at projects.secondclass.mh(secondclass.java:26)
	at java.util.concurrent.ThreadPoolExecutor.runWorker(ThreadPoolExecutor.java:1149)
	at java.util.concurrent.ThreadPoolExecutor$Worker.run(ThreadPoolExecutor.java:624)
	at java.lang.Thread.run(Thread.java:748)
Caused by: java.lang.ClassNotFoundException: org.openqa.selenium.remote.internal.CircularOutputStream
	at java.net.URLClassLoader.findClass(URLClassLoader.java:381)
	at java.lang.ClassLoader.loadClass(ClassLoader.java:424)
	at sun.misc.Launcher$AppClassLoader.loadClass(Launcher.java:335)
	at java.lang.ClassLoader.loadClass(ClassLoader.java:357)
	... 19 more
... Removed 12 stack frames]]>
    </failure>
  </testcase> <!-- @BeforeMethod mh -->
  <testcase name="@AfterClass s" time="0.0" classname="projects.firtclass">
    <skipped/>
  </testcase> <!-- @AfterClass s -->
  <testcase name="@AfterClass s" time="0.0" classname="projects.secondclass">
    <skipped/>
  </testcase> <!-- @AfterClass s -->
  <testcase name="mm" time="0.001" classname="projects.firtclass">
    <skipped/>
  </testcase> <!-- mm -->
  <testcase name="mm" time="0.001" classname="projects.secondclass">
    <skipped/>
  </testcase> <!-- mm -->
</testsuite> <!-- Test -->
