<?xml version="1.0" encoding="UTF-8"?>
<testng-results skipped="1" failed="0" total="1" passed="0">
  <reporter-output>
  </reporter-output>
  <suite name="Default suite" duration-ms="20709" started-at="2018-01-09T20:34:55Z" finished-at="2018-01-09T20:35:16Z">
    <groups>
    </groups>
    <test name="Default test" duration-ms="20709" started-at="2018-01-09T20:34:55Z" finished-at="2018-01-09T20:35:16Z">
      <class name="selenium.Alerts">
        <test-method status="FAIL" signature="bef()[pri:0, instance:selenium.Alerts@35713b06]" name="bef" is-config="true" duration-ms="0" started-at="2018-01-10T02:04:55Z" finished-at="2018-01-10T02:04:55Z">
          <exception class="org.openqa.selenium.WebDriverException">
            <message>
              <![CDATA[disconnected: unable to connect to renderer
  (Session info: chrome=63.0.3239.132)
  (Driver info: chromedriver=2.31.488763 (092de99f48a300323ecf8c2a4e2e7cab51de5ba8),platform=Windows NT 10.0.16299 x86_64) (WARNING: The server did not provide any stacktrace information)
Command duration or timeout: 2.11 seconds
Build info: version: '2.52.0', revision: '4c2593c', time: '2016-02-11 19:03:33'
System info: host: 'DESKTOP-J4LHG4U', ip: '192.168.1.6', os.name: 'Windows 8.1', os.arch: 'amd64', os.version: '6.3', java.version: '1.7.0_79'
Session ID: a051993c9762527d12e136d0b04503d9
Driver info: org.openqa.selenium.chrome.ChromeDriver
Capabilities [{platform=WIN8_1, acceptSslCerts=true, javascriptEnabled=true, browserName=chrome, chrome={userDataDir=C:\Users\Mahesh\AppData\Local\Temp\scoped_dir11388_1041, chromedriverVersion=2.31.488763 (092de99f48a300323ecf8c2a4e2e7cab51de5ba8)}, networkConnectionEnabled=false, unexpectedAlertBehaviour=, rotatable=false, setWindowRect=true, locationContextEnabled=true, mobileEmulationEnabled=false, pageLoadStrategy=normal, version=63.0.3239.132, takesHeapSnapshot=true, cssSelectorsEnabled=true, databaseEnabled=false, handlesAlerts=true, browserConnectionEnabled=false, webStorageEnabled=true, nativeEvents=true, hasTouchScreen=false, applicationCacheEnabled=false, takesScreenshot=true}]]]>
            </message>
            <full-stacktrace>
              <![CDATA[org.openqa.selenium.WebDriverException: disconnected: unable to connect to renderer
  (Session info: chrome=63.0.3239.132)
  (Driver info: chromedriver=2.31.488763 (092de99f48a300323ecf8c2a4e2e7cab51de5ba8),platform=Windows NT 10.0.16299 x86_64) (WARNING: The server did not provide any stacktrace information)
Command duration or timeout: 2.11 seconds
Build info: version: '2.52.0', revision: '4c2593c', time: '2016-02-11 19:03:33'
System info: host: 'DESKTOP-J4LHG4U', ip: '192.168.1.6', os.name: 'Windows 8.1', os.arch: 'amd64', os.version: '6.3', java.version: '1.7.0_79'
Session ID: a051993c9762527d12e136d0b04503d9
Driver info: org.openqa.selenium.chrome.ChromeDriver
Capabilities [{platform=WIN8_1, acceptSslCerts=true, javascriptEnabled=true, browserName=chrome, chrome={userDataDir=C:\Users\Mahesh\AppData\Local\Temp\scoped_dir11388_1041, chromedriverVersion=2.31.488763 (092de99f48a300323ecf8c2a4e2e7cab51de5ba8)}, networkConnectionEnabled=false, unexpectedAlertBehaviour=, rotatable=false, setWindowRect=true, locationContextEnabled=true, mobileEmulationEnabled=false, pageLoadStrategy=normal, version=63.0.3239.132, takesHeapSnapshot=true, cssSelectorsEnabled=true, databaseEnabled=false, handlesAlerts=true, browserConnectionEnabled=false, webStorageEnabled=true, nativeEvents=true, hasTouchScreen=false, applicationCacheEnabled=false, takesScreenshot=true}]
	at sun.reflect.NativeConstructorAccessorImpl.newInstance0(Native Method)
	at sun.reflect.NativeConstructorAccessorImpl.newInstance(Unknown Source)
	at sun.reflect.DelegatingConstructorAccessorImpl.newInstance(Unknown Source)
	at java.lang.reflect.Constructor.newInstance(Unknown Source)
	at org.openqa.selenium.remote.ErrorHandler.createThrowable(ErrorHandler.java:206)
	at org.openqa.selenium.remote.ErrorHandler.throwIfResponseFailed(ErrorHandler.java:158)
	at org.openqa.selenium.remote.RemoteWebDriver.execute(RemoteWebDriver.java:678)
	at org.openqa.selenium.remote.RemoteWebDriver$RemoteWebDriverOptions$RemoteWindow.maximize(RemoteWebDriver.java:945)
	at selenium.Alerts.bef(Alerts.java:23)
	at sun.reflect.NativeMethodAccessorImpl.invoke0(Native Method)
	at sun.reflect.NativeMethodAccessorImpl.invoke(Unknown Source)
	at sun.reflect.DelegatingMethodAccessorImpl.invoke(Unknown Source)
	at java.lang.reflect.Method.invoke(Unknown Source)
	at org.testng.internal.MethodInvocationHelper.invokeMethod(MethodInvocationHelper.java:85)
	at org.testng.internal.Invoker.invokeConfigurationMethod(Invoker.java:510)
	at org.testng.internal.Invoker.invokeConfigurations(Invoker.java:211)
	at org.testng.internal.Invoker.invokeConfigurations(Invoker.java:138)
	at org.testng.internal.TestMethodWorker.invokeBeforeClassMethods(TestMethodWorker.java:170)
	at org.testng.internal.TestMethodWorker.run(TestMethodWorker.java:104)
	at org.testng.TestRunner.privateRun(TestRunner.java:774)
	at org.testng.TestRunner.run(TestRunner.java:624)
	at org.testng.SuiteRunner.runTest(SuiteRunner.java:359)
	at org.testng.SuiteRunner.runSequentially(SuiteRunner.java:354)
	at org.testng.SuiteRunner.privateRun(SuiteRunner.java:312)
	at org.testng.SuiteRunner.run(SuiteRunner.java:261)
	at org.testng.SuiteRunnerWorker.runSuite(SuiteRunnerWorker.java:52)
	at org.testng.SuiteRunnerWorker.run(SuiteRunnerWorker.java:86)
	at org.testng.TestNG.runSuitesSequentially(TestNG.java:1215)
	at org.testng.TestNG.runSuitesLocally(TestNG.java:1140)
	at org.testng.TestNG.run(TestNG.java:1048)
	at org.testng.remote.AbstractRemoteTestNG.run(AbstractRemoteTestNG.java:132)
	at org.testng.remote.RemoteTestNG.initAndRun(RemoteTestNG.java:230)
	at org.testng.remote.RemoteTestNG.main(RemoteTestNG.java:76)
]]>
            </full-stacktrace>
          </exception> <!-- org.openqa.selenium.WebDriverException -->
          <reporter-output>
          </reporter-output>
        </test-method> <!-- bef -->
        <test-method status="SKIP" signature="tes()[pri:0, instance:selenium.Alerts@35713b06]" name="tes" duration-ms="3" started-at="2018-01-10T02:05:16Z" finished-at="2018-01-10T02:05:16Z">
          <reporter-output>
          </reporter-output>
        </test-method> <!-- tes -->
      </class> <!-- selenium.Alerts -->
    </test> <!-- Default test -->
  </suite> <!-- Default suite -->
</testng-results>
