<?xml version="1.0" encoding="UTF-8"?>
<!-- Generated by org.testng.reporters.JUnitXMLReporter -->
<testsuite hostname="BIJILI-PC" name="Default test" tests="1" failures="1" timestamp="21 Mar 2016 22:35:48 GMT" time="110.109" errors="0">
  <testcase name="meth3" time="107.548" classname="targetPack.Mouseovers">
    <failure type="org.openqa.selenium.WebDriverException" message="Failed to connect to binary FirefoxBinary(C:\Program Files (x86)\Mozilla Firefox\firefox.exe) on port 7055; process output follows: 
LdrLoadDll: Blocking load of &amp;apos;activedetect32.dll&amp;apos; -- see http://www.mozilla.com/en-US/blocklist/
LdrLoadDll: Blocking load of &amp;apos;activedetect32.dll&amp;apos; -- see http://www.mozilla.com/en-US/blocklist/
LdrLoadDll: Blocking load of &amp;apos;activedetect32.dll&amp;apos; -- see http://www.mozilla.com/en-US/blocklist/
LdrLoadDll: Blocking load of &amp;apos;activedetect32.dll&amp;apos; -- see http://www.mozilla.com/en-US/blocklist/
LdrLoadDll: Blocking load of &amp;apos;activedetect32.dll&amp;apos; -- see http://www.mozilla.com/en-US/blocklist/
LdrLoadDll: Blocking load of &amp;apos;activedetect32.dll&amp;apos; -- see http://www.mozilla.com/en-US/blocklist/
LdrLoadDll: Blocking load of &amp;apos;activedetect32.dll&amp;apos; -- see http://www.mozilla.com/en-US/blocklist/
LdrLoadDll: Blocking load of &amp;apos;activedetect32.dll&amp;apos; -- see http://www.mozilla.com/en-US/blocklist/
LdrLoadDll: Blocking load of &amp;apos;activedetect32.dll&amp;apos; -- see http://www.mozilla.com/en-US/blocklist/
LdrLoadDll: Blocking load of &amp;apos;activedetect32.dll&amp;apos; -- see http://www.mozilla.com/en-US/blocklist/
LdrLoadDll: Blocking load of &amp;apos;activedetect32.dll&amp;apos; -- see http://www.mozilla.com/en-US/blocklist/
LdrLoadDll: Blocking load of &amp;apos;activedetect32.dll&amp;apos; -- see http://www.mozilla.com/en-US/blocklist/
LdrLoadDll: Blocking load of &amp;apos;activedetect32.dll&amp;apos; -- see http://www.mozilla.com/en-US/blocklist/
LdrLoadDll: Blocking load of &amp;apos;activedetect32.dll&amp;apos; -- see http://www.mozilla.com/en-US/blocklist/
LdrLoadDll: Blocking load of &amp;apos;activedetect32.dll&amp;apos; -- see http://www.mozilla.com/en-US/blocklist/
LdrLoadDll: Blocking load of &amp;apos;activedetect32.dll&amp;apos; -- see http://www.mozilla.com/en-US/blocklist/
LdrLoadDll: Blocking load of &amp;apos;activedetect32.dll&amp;apos; -- see http://www.mozilla.com/en-US/blocklist/

Build info: version: &amp;apos;2.52.0&amp;apos;, revision: &amp;apos;4c2593c&amp;apos;, time: &amp;apos;2016-02-11 19:03:33&amp;apos;
System info: host: &amp;apos;BIJILI-PC&amp;apos;, ip: &amp;apos;192.168.0.103&amp;apos;, os.name: &amp;apos;Windows 7&amp;apos;, os.arch: &amp;apos;amd64&amp;apos;, os.version: &amp;apos;6.1&amp;apos;, java.version: &amp;apos;1.7.0_79&amp;apos;
Driver info: driver.version: FirefoxDriver">
      <![CDATA[org.openqa.selenium.WebDriverException: Failed to connect to binary FirefoxBinary(C:\Program Files (x86)\Mozilla Firefox\firefox.exe) on port 7055; process output follows: 
LdrLoadDll: Blocking load of 'activedetect32.dll' -- see http://www.mozilla.com/en-US/blocklist/
LdrLoadDll: Blocking load of 'activedetect32.dll' -- see http://www.mozilla.com/en-US/blocklist/
LdrLoadDll: Blocking load of 'activedetect32.dll' -- see http://www.mozilla.com/en-US/blocklist/
LdrLoadDll: Blocking load of 'activedetect32.dll' -- see http://www.mozilla.com/en-US/blocklist/
LdrLoadDll: Blocking load of 'activedetect32.dll' -- see http://www.mozilla.com/en-US/blocklist/
LdrLoadDll: Blocking load of 'activedetect32.dll' -- see http://www.mozilla.com/en-US/blocklist/
LdrLoadDll: Blocking load of 'activedetect32.dll' -- see http://www.mozilla.com/en-US/blocklist/
LdrLoadDll: Blocking load of 'activedetect32.dll' -- see http://www.mozilla.com/en-US/blocklist/
LdrLoadDll: Blocking load of 'activedetect32.dll' -- see http://www.mozilla.com/en-US/blocklist/
LdrLoadDll: Blocking load of 'activedetect32.dll' -- see http://www.mozilla.com/en-US/blocklist/
LdrLoadDll: Blocking load of 'activedetect32.dll' -- see http://www.mozilla.com/en-US/blocklist/
LdrLoadDll: Blocking load of 'activedetect32.dll' -- see http://www.mozilla.com/en-US/blocklist/
LdrLoadDll: Blocking load of 'activedetect32.dll' -- see http://www.mozilla.com/en-US/blocklist/
LdrLoadDll: Blocking load of 'activedetect32.dll' -- see http://www.mozilla.com/en-US/blocklist/
LdrLoadDll: Blocking load of 'activedetect32.dll' -- see http://www.mozilla.com/en-US/blocklist/
LdrLoadDll: Blocking load of 'activedetect32.dll' -- see http://www.mozilla.com/en-US/blocklist/
LdrLoadDll: Blocking load of 'activedetect32.dll' -- see http://www.mozilla.com/en-US/blocklist/

Build info: version: '2.52.0', revision: '4c2593c', time: '2016-02-11 19:03:33'
System info: host: 'BIJILI-PC', ip: '192.168.0.103', os.name: 'Windows 7', os.arch: 'amd64', os.version: '6.1', java.version: '1.7.0_79'
Driver info: driver.version: FirefoxDriver
	at org.openqa.selenium.firefox.internal.NewProfileExtensionConnection.start(NewProfileExtensionConnection.java:124)
	at org.openqa.selenium.firefox.FirefoxDriver.startClient(FirefoxDriver.java:271)
	at org.openqa.selenium.remote.RemoteWebDriver.<init>(RemoteWebDriver.java:119)
	at org.openqa.selenium.firefox.FirefoxDriver.<init>(FirefoxDriver.java:218)
	at org.openqa.selenium.firefox.FirefoxDriver.<init>(FirefoxDriver.java:211)
	at org.openqa.selenium.firefox.FirefoxDriver.<init>(FirefoxDriver.java:207)
	at org.openqa.selenium.firefox.FirefoxDriver.<init>(FirefoxDriver.java:120)
	at targetPack.Mouseovers.meth3(Mouseovers.java:39)
	at sun.reflect.NativeMethodAccessorImpl.invoke0(Native Method)
	at sun.reflect.NativeMethodAccessorImpl.invoke(Unknown Source)
	at sun.reflect.DelegatingMethodAccessorImpl.invoke(Unknown Source)
	at java.lang.reflect.Method.invoke(Unknown Source)
	at org.testng.internal.MethodInvocationHelper.invokeMethod(MethodInvocationHelper.java:85)
	at org.testng.internal.Invoker.invokeMethod(Invoker.java:696)
	at org.testng.internal.Invoker.invokeTestMethod(Invoker.java:882)
	at org.testng.internal.Invoker.invokeTestMethods(Invoker.java:1189)
	at org.testng.internal.TestMethodWorker.invokeTestMethods(TestMethodWorker.java:124)
	at org.testng.internal.TestMethodWorker.run(TestMethodWorker.java:108)
	at org.testng.TestRunner.privateRun(TestRunner.java:767)
	at org.testng.TestRunner.run(TestRunner.java:617)
	at org.testng.SuiteRunner.runTest(SuiteRunner.java:348)
	at org.testng.SuiteRunner.runSequentially(SuiteRunner.java:343)
	at org.testng.SuiteRunner.privateRun(SuiteRunner.java:305)
	at org.testng.SuiteRunner.run(SuiteRunner.java:254)
	at org.testng.SuiteRunnerWorker.runSuite(SuiteRunnerWorker.java:52)
	at org.testng.SuiteRunnerWorker.run(SuiteRunnerWorker.java:86)
	at org.testng.TestNG.runSuitesSequentially(TestNG.java:1224)
	at org.testng.TestNG.runSuitesLocally(TestNG.java:1149)
	at org.testng.TestNG.run(TestNG.java:1057)
	at org.testng.remote.RemoteTestNG.run(RemoteTestNG.java:115)
	at org.testng.remote.RemoteTestNG.initAndRun(RemoteTestNG.java:207)
	at org.testng.remote.RemoteTestNG.main(RemoteTestNG.java:178)
Caused by: org.openqa.selenium.firefox.NotConnectedException: Unable to connect to host 127.0.0.1 on port 7055 after 45000 ms. Firefox console output:
LdrLoadDll: Blocking load of 'activedetect32.dll' -- see http://www.mozilla.com/en-US/blocklist/
LdrLoadDll: Blocking load of 'activedetect32.dll' -- see http://www.mozilla.com/en-US/blocklist/
LdrLoadDll: Blocking load of 'activedetect32.dll' -- see http://www.mozilla.com/en-US/blocklist/
LdrLoadDll: Blocking load of 'activedetect32.dll' -- see http://www.mozilla.com/en-US/blocklist/
LdrLoadDll: Blocking load of 'activedetect32.dll' -- see http://www.mozilla.com/en-US/blocklist/
LdrLoadDll: Blocking load of 'activedetect32.dll' -- see http://www.mozilla.com/en-US/blocklist/
LdrLoadDll: Blocking load of 'activedetect32.dll' -- see http://www.mozilla.com/en-US/blocklist/
LdrLoadDll: Blocking load of 'activedetect32.dll' -- see http://www.mozilla.com/en-US/blocklist/
LdrLoadDll: Blocking load of 'activedetect32.dll' -- see http://www.mozilla.com/en-US/blocklist/
LdrLoadDll: Blocking load of 'activedetect32.dll' -- see http://www.mozilla.com/en-US/blocklist/
LdrLoadDll: Blocking load of 'activedetect32.dll' -- see http://www.mozilla.com/en-US/blocklist/
LdrLoadDll: Blocking load of 'activedetect32.dll' -- see http://www.mozilla.com/en-US/blocklist/
LdrLoadDll: Blocking load of 'activedetect32.dll' -- see http://www.mozilla.com/en-US/blocklist/
LdrLoadDll: Blocking load of 'activedetect32.dll' -- see http://www.mozilla.com/en-US/blocklist/
LdrLoadDll: Blocking load of 'activedetect32.dll' -- see http://www.mozilla.com/en-US/blocklist/
LdrLoadDll: Blocking load of 'activedetect32.dll' -- see http://www.mozilla.com/en-US/blocklist/
LdrLoadDll: Blocking load of 'activedetect32.dll' -- see http://www.mozilla.com/en-US/blocklist/

	at org.openqa.selenium.firefox.internal.NewProfileExtensionConnection.start(NewProfileExtensionConnection.java:112)
	... 31 more
]]>
    </failure>
  </testcase> <!-- meth3 -->
</testsuite> <!-- Default test -->
