<?xml version="1.0" encoding="UTF-8"?>
<!-- Generated by org.testng.reporters.JUnitXMLReporter -->
<testsuite hostname="welcome" name="Test" tests="3" failures="1" timestamp="12 Mar 2015 12:26:14 GMT" time="109.376" errors="0">
  <testcase name="setuplinks" time="47.694" classname="targetPack.LinksDemo"/>
  <testcase name="meth3" time="20.445" classname="targetPack.Mouseovers">
    <failure type="org.junit.ComparisonFailure" message="expected:&amp;lt;About []Product&amp;gt; but was:&amp;lt;About [the ]Product&amp;gt;">
      <![CDATA[org.junit.ComparisonFailure: expected:<About []Product> but was:<About [the ]Product>
	at org.junit.Assert.assertEquals(Assert.java:115)
	at org.junit.Assert.assertEquals(Assert.java:144)
	at targetPack.Mouseovers.meth3(Mouseovers.java:43)
	at java.util.concurrent.FutureTask.run(Unknown Source)
	at java.util.concurrent.ThreadPoolExecutor.runWorker(Unknown Source)
	at java.util.concurrent.ThreadPoolExecutor$Worker.run(Unknown Source)
	at java.lang.Thread.run(Unknown Source)
... Removed 16 stack frames]]>
    </failure>
  </testcase> <!-- meth3 -->
  <testcase name="meth3" time="10.273" classname="targetPack.Jxl"/>
</testsuite> <!-- Test -->
