<?xml version="1.0" encoding="UTF-8"?>
<!-- Generated by org.testng.reporters.JUnitXMLReporter -->
<testsuite hostname="welcome" name="Test" tests="3" failures="0" timestamp="23 Feb 2015 04:43:41 GMT" time="59.987" errors="0">
  <testcase name="testBrowserHistory" time="30.807" classname="qtdemos.ParallelMethods"/>
  <testcase name="links" time="46.233" classname="qtdemos.ParallelMethods"/>
  <testcase name="testWebElements" time="59.921" classname="qtdemos.ParallelMethods"/>
</testsuite> <!-- Test -->
