<?xml version="1.0" encoding="UTF-8"?>
<testng-results skipped="0" failed="0" total="1" passed="1">
  <reporter-output>
  </reporter-output>
  <suite name="Default suite" duration-ms="6148" started-at="2014-11-22T04:45:55Z" finished-at="2014-11-22T04:46:01Z">
    <groups>
    </groups>
    <test name="Default test" duration-ms="6148" started-at="2014-11-22T04:45:55Z" finished-at="2014-11-22T04:46:01Z">
      <class name="suite1.A">
        <test-method status="PASS" signature="testA()[pri:0, instance:suite1.A@1b030d8]" name="testA" duration-ms="6117" started-at="2014-11-22T10:15:55Z" finished-at="2014-11-22T10:16:01Z">
          <reporter-output>
          </reporter-output>
        </test-method> <!-- testA -->
      </class> <!-- suite1.A -->
    </test> <!-- Default test -->
  </suite> <!-- Default suite -->
</testng-results>
